<?xml version="1.0" encoding="UTF-8"?>
<!-- Generated by org.testng.reporters.JUnitReportReporter -->
<testsuite skipped="0" hostname="DESKTOP-R6HTLRL" name="beautyProducts.TC_BeautyProducts_013" tests="1" failures="0" timestamp="2023-01-12T16:55:50 IST" time="17.036" errors="0">
  <testcase name="maybellin" time="17.036" classname="beautyProducts.TC_BeautyProducts_013"/>
  <system-out/>
</testsuite> <!-- beautyProducts.TC_BeautyProducts_013 -->
