<?xml version="1.0" encoding="UTF-8"?>
<!-- Generated by org.testng.reporters.JUnitReportReporter -->
<testsuite skipped="0" hostname="DESKTOP-R6HTLRL" name="shoppingcCart.TC_ShoppingCart_021" tests="1" failures="0" timestamp="2023-01-12T16:55:50 IST" time="14.228" errors="0">
  <testcase name="zomato" time="14.228" classname="shoppingcCart.TC_ShoppingCart_021"/>
  <system-out/>
</testsuite> <!-- shoppingcCart.TC_ShoppingCart_021 -->
