<?xml version="1.0" encoding="UTF-8"?>
<!-- Generated by org.testng.reporters.JUnitReportReporter -->
<testsuite skipped="0" hostname="DESKTOP-R6HTLRL" name="workingWithtestNG.DataProviderForMultipleSetOfTestData_ActiTime" tests="3" failures="0" timestamp="2023-01-11T12:10:53 IST" time="5.095" errors="0">
  <testcase name="createUser" time="1.500" classname="workingWithtestNG.DataProviderForMultipleSetOfTestData_ActiTime"/>
  <system-out/>
  <testcase name="createUser" time="2.202" classname="workingWithtestNG.DataProviderForMultipleSetOfTestData_ActiTime"/>
  <system-out/>
  <testcase name="createUser" time="1.393" classname="workingWithtestNG.DataProviderForMultipleSetOfTestData_ActiTime"/>
  <system-out/>
</testsuite> <!-- workingWithtestNG.DataProviderForMultipleSetOfTestData_ActiTime -->
