<?xml version="1.0" encoding="UTF-8"?>
<!-- Generated by org.testng.reporters.JUnitReportReporter -->
<testsuite skipped="0" hostname="DESKTOP-R6HTLRL" name="shoppingcCart.TC_ShoppingCart_023" tests="1" failures="0" timestamp="2023-01-03T13:30:06 IST" time="12.898" errors="0">
  <testcase name="uberEats" time="12.898" classname="shoppingcCart.TC_ShoppingCart_023"/>
  <system-out/>
</testsuite> <!-- shoppingcCart.TC_ShoppingCart_023 -->
