<?xml version="1.0" encoding="UTF-8"?>
<!-- Generated by org.testng.reporters.JUnitReportReporter -->
<testsuite skipped="0" hostname="DESKTOP-R6HTLRL" name="workingWithtestNG.Tc_Contacts_001" tests="4" failures="0" timestamp="2023-01-03T11:13:08 IST" time="0.010" errors="0">
  <testcase name="modifyContact" time="0.007" classname="workingWithtestNG.Tc_Contacts_001"/>
  <system-out>
FROM MODIFY  </system-out>
  <testcase name="createContact" time="0.001" classname="workingWithtestNG.Tc_Contacts_001"/>
  <system-out>
FROM CREATE CONTACT  </system-out>
  <testcase name="deleteContact" time="0.001" classname="workingWithtestNG.Tc_Contacts_001"/>
  <system-out>
FROM DELETE CONTACT  </system-out>
  <testcase name="editContact" time="0.001" classname="workingWithtestNG.Tc_Contacts_001"/>
  <system-out>
FROM EDIT CONTACT  </system-out>
</testsuite> <!-- workingWithtestNG.Tc_Contacts_001 -->
