<?xml version="1.0" encoding="UTF-8"?>
<!-- Generated by org.testng.reporters.JUnitReportReporter -->
<testsuite skipped="0" hostname="DESKTOP-R6HTLRL" name="workingWithtestNG.Assertions_LoginScript" tests="1" failures="0" timestamp="2023-01-12T13:02:33 IST" time="12.219" errors="0">
  <testcase name="loginAsAdmin" time="12.219" classname="workingWithtestNG.Assertions_LoginScript"/>
  <system-out/>
</testsuite> <!-- workingWithtestNG.Assertions_LoginScript -->
