<?xml version="1.0" encoding="UTF-8"?>
<!-- Generated by org.testng.reporters.JUnitReportReporter -->
<testsuite skipped="0" hostname="DESKTOP-R6HTLRL" name="beautyProducts.TC_BeautyProducts_014" tests="1" failures="0" timestamp="2023-01-03T13:06:49 IST" time="15.173" errors="0">
  <testcase name="maybellin" time="15.173" classname="beautyProducts.TC_BeautyProducts_014"/>
  <system-out/>
</testsuite> <!-- beautyProducts.TC_BeautyProducts_014 -->
