<?xml version="1.0" encoding="UTF-8"?>
<!-- Generated by org.testng.reporters.JUnitReportReporter -->
<testsuite skipped="0" hostname="DESKTOP-R6HTLRL" name="workingWithtestNG.DataProviderProblem" tests="3" failures="0" timestamp="2023-01-11T11:41:41 IST" time="14.593" errors="0">
  <testcase name="test" time="6.474" classname="workingWithtestNG.DataProviderProblem"/>
  <system-out/>
  <testcase name="test" time="2.947" classname="workingWithtestNG.DataProviderProblem"/>
  <system-out/>
  <testcase name="test" time="5.172" classname="workingWithtestNG.DataProviderProblem"/>
  <system-out/>
</testsuite> <!-- workingWithtestNG.DataProviderProblem -->
