<?xml version="1.0" encoding="UTF-8"?>
<!-- Generated by org.testng.reporters.JUnitReportReporter -->
<testsuite skipped="0" hostname="DESKTOP-R6HTLRL" name="workingWithtestNG.DependsOnMethod" tests="5" failures="0" timestamp="2023-01-03T12:01:42 IST" time="0.014" errors="0">
  <testcase name="deleteAccount" time="0.010" classname="workingWithtestNG.DependsOnMethod"/>
  <system-out>
FROM DELETE ACCOUNT  </system-out>
  <testcase name="amountTransfer" time="0.001" classname="workingWithtestNG.DependsOnMethod"/>
  <system-out>
FROM AMOUNT TRANSFER  </system-out>
  <testcase name="createAccount" time="0.001" classname="workingWithtestNG.DependsOnMethod"/>
  <system-out>
FROM CREATEACCOUNT  </system-out>
  <testcase name="register" time="0.001" classname="workingWithtestNG.DependsOnMethod"/>
  <system-out>
FROM REGISTER  </system-out>
  <testcase name="modifyAccount" time="0.001" classname="workingWithtestNG.DependsOnMethod"/>
  <system-out>
MODIFY ACCOUNT  </system-out>
</testsuite> <!-- workingWithtestNG.DependsOnMethod -->
